2025-07-01T14:40:57.695+04:00  INFO 15956 --- [restartedMain] com.example.weather.WeatherApplication   : Starting WeatherApplication using Java 23-valhalla with PID 15956 (C:\Users\user\Desktop\weather\target\classes started by user in C:\Users\user\Desktop\weather)
2025-07-01T14:40:57.697+04:00  INFO 15956 --- [restartedMain] com.example.weather.WeatherApplication   : No active profile set, falling back to 1 default profile: "default"
2025-07-01T14:40:57.738+04:00  INFO 15956 --- [restartedMain] .e.DevToolsPropertyDefaultsPostProcessor : Devtools property defaults active! Set 'spring.devtools.add-properties' to 'false' to disable
2025-07-01T14:40:57.738+04:00  INFO 15956 --- [restartedMain] .e.DevToolsPropertyDefaultsPostProcessor : For additional web related logging consider setting the 'logging.level.web' property to 'DEBUG'
2025-07-01T14:40:58.759+04:00  INFO 15956 --- [restartedMain] .s.d.r.c.RepositoryConfigurationDelegate : Bootstrapping Spring Data JPA repositories in DEFAULT mode.
2025-07-01T14:40:58.812+04:00  INFO 15956 --- [restartedMain] .s.d.r.c.RepositoryConfigurationDelegate : Finished Spring Data repository scanning in 42 ms. Found 2 JPA repository interfaces.
2025-07-01T14:40:59.225+04:00  INFO 15956 --- [restartedMain] o.s.b.w.embedded.tomcat.TomcatWebServer  : Tomcat initialized with port 8080 (http)
2025-07-01T14:40:59.237+04:00  INFO 15956 --- [restartedMain] o.apache.catalina.core.StandardService   : Starting service [Tomcat]
2025-07-01T14:40:59.238+04:00  INFO 15956 --- [restartedMain] o.apache.catalina.core.StandardEngine    : Starting Servlet engine: [Apache Tomcat/10.1.42]
2025-07-01T14:40:59.281+04:00  INFO 15956 --- [restartedMain] o.a.c.c.C.[Tomcat].[localhost].[/]       : Initializing Spring embedded WebApplicationContext
2025-07-01T14:40:59.281+04:00  INFO 15956 --- [restartedMain] w.s.c.ServletWebServerApplicationContext : Root WebApplicationContext: initialization completed in 1542 ms
2025-07-01T14:40:59.496+04:00  INFO 15956 --- [restartedMain] o.hibernate.jpa.internal.util.LogHelper  : HHH000204: Processing PersistenceUnitInfo [name: default]
2025-07-01T14:40:59.563+04:00  INFO 15956 --- [restartedMain] org.hibernate.Version                    : HHH000412: Hibernate ORM core version 6.6.18.Final
2025-07-01T14:40:59.607+04:00  INFO 15956 --- [restartedMain] o.h.c.internal.RegionFactoryInitiator    : HHH000026: Second-level cache disabled
2025-07-01T14:40:59.958+04:00  INFO 15956 --- [restartedMain] o.s.o.j.p.SpringPersistenceUnitInfo      : No LoadTimeWeaver setup: ignoring JPA class transformer
2025-07-01T14:40:59.986+04:00  INFO 15956 --- [restartedMain] com.zaxxer.hikari.HikariDataSource       : HikariPool-1 - Starting...
2025-07-01T14:41:00.424+04:00  INFO 15956 --- [restartedMain] com.zaxxer.hikari.pool.HikariPool        : HikariPool-1 - Added connection com.mysql.cj.jdbc.ConnectionImpl@586c65c6
2025-07-01T14:41:00.426+04:00  INFO 15956 --- [restartedMain] com.zaxxer.hikari.HikariDataSource       : HikariPool-1 - Start completed.
2025-07-01T14:41:00.531+04:00  INFO 15956 --- [restartedMain] org.hibernate.orm.connections.pooling    : HHH10001005: Database info:
	Database JDBC URL [Connecting through datasource 'HikariDataSource (HikariPool-1)']
	Database driver: undefined/unknown
	Database version: 8.0.42
	Autocommit mode: undefined/unknown
	Isolation level: undefined/unknown
	Minimum pool size: undefined/unknown
	Maximum pool size: undefined/unknown
2025-07-01T14:41:01.306+04:00  INFO 15956 --- [restartedMain] o.h.e.t.j.p.i.JtaPlatformInitiator       : HHH000489: No JTA platform available (set 'hibernate.transaction.jta.platform' to enable JTA platform integration)
2025-07-01T14:41:01.397+04:00  INFO 15956 --- [restartedMain] j.LocalContainerEntityManagerFactoryBean : Initialized JPA EntityManagerFactory for persistence unit 'default'
2025-07-01T14:41:01.722+04:00  WARN 15956 --- [restartedMain] JpaBaseConfiguration$JpaWebConfiguration : spring.jpa.open-in-view is enabled by default. Therefore, database queries may be performed during view rendering. Explicitly configure spring.jpa.open-in-view to disable this warning
2025-07-01T14:41:02.188+04:00  INFO 15956 --- [restartedMain] o.s.b.d.a.OptionalLiveReloadServer       : LiveReload server is running on port 35729
2025-07-01T14:41:02.195+04:00  INFO 15956 --- [restartedMain] o.s.b.a.e.web.EndpointLinksResolver      : Exposing 1 endpoint beneath base path '/actuator'
2025-07-01T14:41:02.265+04:00  INFO 15956 --- [restartedMain] o.s.b.w.embedded.tomcat.TomcatWebServer  : Tomcat started on port 8080 (http) with context path '/'
2025-07-01T14:41:02.277+04:00  INFO 15956 --- [restartedMain] com.example.weather.WeatherApplication   : Started WeatherApplication in 5.109 seconds (process running for 9.667)
2025-07-01T14:41:02.755+04:00  INFO 15956 --- [RMI TCP Connection(2)-172.20.10.228] o.a.c.c.C.[Tomcat].[localhost].[/]       : Initializing Spring DispatcherServlet 'dispatcherServlet'
2025-07-01T14:41:02.756+04:00  INFO 15956 --- [RMI TCP Connection(2)-172.20.10.228] o.s.web.servlet.DispatcherServlet        : Initializing Servlet 'dispatcherServlet'
2025-07-01T14:41:02.758+04:00  INFO 15956 --- [RMI TCP Connection(2)-172.20.10.228] o.s.web.servlet.DispatcherServlet        : Completed initialization in 2 ms
2025-07-01T14:41:06.606+04:00  INFO 15956 --- [SpringApplicationShutdownHook] o.s.b.w.e.tomcat.GracefulShutdown        : Commencing graceful shutdown. Waiting for active requests to complete
2025-07-01T14:41:06.621+04:00  INFO 15956 --- [tomcat-shutdown] o.s.b.w.e.tomcat.GracefulShutdown        : Graceful shutdown complete
2025-07-01T14:41:06.626+04:00  INFO 15956 --- [SpringApplicationShutdownHook] j.LocalContainerEntityManagerFactoryBean : Closing JPA EntityManagerFactory for persistence unit 'default'
2025-07-01T14:41:06.629+04:00  INFO 15956 --- [SpringApplicationShutdownHook] com.zaxxer.hikari.HikariDataSource       : HikariPool-1 - Shutdown initiated...
2025-07-01T14:41:06.636+04:00  INFO 15956 --- [SpringApplicationShutdownHook] com.zaxxer.hikari.HikariDataSource       : HikariPool-1 - Shutdown completed.
2025-07-01T14:55:57.436+04:00  INFO 15872 --- [restartedMain] com.example.weather.WeatherApplication   : Starting WeatherApplication using Java 23-valhalla with PID 15872 (C:\Users\user\Desktop\weather\target\classes started by user in C:\Users\user\Desktop\weather)
2025-07-01T14:55:57.438+04:00  INFO 15872 --- [restartedMain] com.example.weather.WeatherApplication   : No active profile set, falling back to 1 default profile: "default"
2025-07-01T14:55:57.487+04:00  INFO 15872 --- [restartedMain] .e.DevToolsPropertyDefaultsPostProcessor : Devtools property defaults active! Set 'spring.devtools.add-properties' to 'false' to disable
2025-07-01T14:55:57.488+04:00  INFO 15872 --- [restartedMain] .e.DevToolsPropertyDefaultsPostProcessor : For additional web related logging consider setting the 'logging.level.web' property to 'DEBUG'
2025-07-01T14:55:58.348+04:00  INFO 15872 --- [restartedMain] .s.d.r.c.RepositoryConfigurationDelegate : Bootstrapping Spring Data JPA repositories in DEFAULT mode.
2025-07-01T14:55:58.401+04:00  INFO 15872 --- [restartedMain] .s.d.r.c.RepositoryConfigurationDelegate : Finished Spring Data repository scanning in 43 ms. Found 2 JPA repository interfaces.
2025-07-01T14:55:58.817+04:00  INFO 15872 --- [restartedMain] o.s.b.w.embedded.tomcat.TomcatWebServer  : Tomcat initialized with port 8080 (http)
2025-07-01T14:55:58.829+04:00  INFO 15872 --- [restartedMain] o.apache.catalina.core.StandardService   : Starting service [Tomcat]
2025-07-01T14:55:58.830+04:00  INFO 15872 --- [restartedMain] o.apache.catalina.core.StandardEngine    : Starting Servlet engine: [Apache Tomcat/10.1.42]
2025-07-01T14:55:58.873+04:00  INFO 15872 --- [restartedMain] o.a.c.c.C.[Tomcat].[localhost].[/]       : Initializing Spring embedded WebApplicationContext
2025-07-01T14:55:58.873+04:00  INFO 15872 --- [restartedMain] w.s.c.ServletWebServerApplicationContext : Root WebApplicationContext: initialization completed in 1385 ms
2025-07-01T14:55:59.096+04:00  INFO 15872 --- [restartedMain] o.hibernate.jpa.internal.util.LogHelper  : HHH000204: Processing PersistenceUnitInfo [name: default]
2025-07-01T14:55:59.161+04:00  INFO 15872 --- [restartedMain] org.hibernate.Version                    : HHH000412: Hibernate ORM core version 6.6.18.Final
2025-07-01T14:55:59.193+04:00  INFO 15872 --- [restartedMain] o.h.c.internal.RegionFactoryInitiator    : HHH000026: Second-level cache disabled
2025-07-01T14:55:59.467+04:00  INFO 15872 --- [restartedMain] o.s.o.j.p.SpringPersistenceUnitInfo      : No LoadTimeWeaver setup: ignoring JPA class transformer
2025-07-01T14:55:59.497+04:00  INFO 15872 --- [restartedMain] com.zaxxer.hikari.HikariDataSource       : HikariPool-1 - Starting...
2025-07-01T14:55:59.835+04:00  INFO 15872 --- [restartedMain] com.zaxxer.hikari.pool.HikariPool        : HikariPool-1 - Added connection com.mysql.cj.jdbc.ConnectionImpl@3f032067
2025-07-01T14:55:59.837+04:00  INFO 15872 --- [restartedMain] com.zaxxer.hikari.HikariDataSource       : HikariPool-1 - Start completed.
2025-07-01T14:55:59.911+04:00  INFO 15872 --- [restartedMain] org.hibernate.orm.connections.pooling    : HHH10001005: Database info:
	Database JDBC URL [Connecting through datasource 'HikariDataSource (HikariPool-1)']
	Database driver: undefined/unknown
	Database version: 8.0.42
	Autocommit mode: undefined/unknown
	Isolation level: undefined/unknown
	Minimum pool size: undefined/unknown
	Maximum pool size: undefined/unknown
2025-07-01T14:56:00.662+04:00  INFO 15872 --- [restartedMain] o.h.e.t.j.p.i.JtaPlatformInitiator       : HHH000489: No JTA platform available (set 'hibernate.transaction.jta.platform' to enable JTA platform integration)
2025-07-01T14:56:00.725+04:00  INFO 15872 --- [restartedMain] j.LocalContainerEntityManagerFactoryBean : Initialized JPA EntityManagerFactory for persistence unit 'default'
2025-07-01T14:56:01.052+04:00  WARN 15872 --- [restartedMain] JpaBaseConfiguration$JpaWebConfiguration : spring.jpa.open-in-view is enabled by default. Therefore, database queries may be performed during view rendering. Explicitly configure spring.jpa.open-in-view to disable this warning
2025-07-01T14:56:01.498+04:00  INFO 15872 --- [restartedMain] o.s.b.d.a.OptionalLiveReloadServer       : LiveReload server is running on port 35729
2025-07-01T14:56:01.505+04:00  INFO 15872 --- [restartedMain] o.s.b.a.e.web.EndpointLinksResolver      : Exposing 1 endpoint beneath base path '/actuator'
2025-07-01T14:56:01.573+04:00  INFO 15872 --- [restartedMain] o.s.b.w.embedded.tomcat.TomcatWebServer  : Tomcat started on port 8080 (http) with context path '/'
2025-07-01T14:56:01.591+04:00  INFO 15872 --- [restartedMain] com.example.weather.WeatherApplication   : Started WeatherApplication in 4.628 seconds (process running for 7.449)
2025-07-01T14:56:02.027+04:00  INFO 15872 --- [RMI TCP Connection(3)-172.20.10.228] o.a.c.c.C.[Tomcat].[localhost].[/]       : Initializing Spring DispatcherServlet 'dispatcherServlet'
2025-07-01T14:56:02.028+04:00  INFO 15872 --- [RMI TCP Connection(3)-172.20.10.228] o.s.web.servlet.DispatcherServlet        : Initializing Servlet 'dispatcherServlet'
2025-07-01T14:56:02.030+04:00  INFO 15872 --- [RMI TCP Connection(3)-172.20.10.228] o.s.web.servlet.DispatcherServlet        : Completed initialization in 2 ms
2025-07-01T15:47:32.533+04:00  INFO 15872 --- [SpringApplicationShutdownHook] o.s.b.w.e.tomcat.GracefulShutdown        : Commencing graceful shutdown. Waiting for active requests to complete
2025-07-01T15:47:32.556+04:00  INFO 15872 --- [tomcat-shutdown] o.s.b.w.e.tomcat.GracefulShutdown        : Graceful shutdown complete
2025-07-01T15:47:32.576+04:00  INFO 15872 --- [SpringApplicationShutdownHook] j.LocalContainerEntityManagerFactoryBean : Closing JPA EntityManagerFactory for persistence unit 'default'
2025-07-01T15:47:32.590+04:00  INFO 15872 --- [SpringApplicationShutdownHook] com.zaxxer.hikari.HikariDataSource       : HikariPool-1 - Shutdown initiated...
2025-07-01T15:47:32.598+04:00  INFO 15872 --- [SpringApplicationShutdownHook] com.zaxxer.hikari.HikariDataSource       : HikariPool-1 - Shutdown completed.
2025-07-01T15:47:36.487+04:00  INFO 3936 --- [restartedMain] com.example.weather.WeatherApplication   : Starting WeatherApplication using Java 23-valhalla with PID 3936 (C:\Users\user\Desktop\weather\target\classes started by user in C:\Users\user\Desktop\weather)
2025-07-01T15:47:36.489+04:00  INFO 3936 --- [restartedMain] com.example.weather.WeatherApplication   : No active profile set, falling back to 1 default profile: "default"
2025-07-01T15:47:36.536+04:00  INFO 3936 --- [restartedMain] .e.DevToolsPropertyDefaultsPostProcessor : Devtools property defaults active! Set 'spring.devtools.add-properties' to 'false' to disable
2025-07-01T15:47:36.536+04:00  INFO 3936 --- [restartedMain] .e.DevToolsPropertyDefaultsPostProcessor : For additional web related logging consider setting the 'logging.level.web' property to 'DEBUG'
2025-07-01T15:47:37.597+04:00  INFO 3936 --- [restartedMain] .s.d.r.c.RepositoryConfigurationDelegate : Bootstrapping Spring Data JPA repositories in DEFAULT mode.
2025-07-01T15:47:37.646+04:00  INFO 3936 --- [restartedMain] .s.d.r.c.RepositoryConfigurationDelegate : Finished Spring Data repository scanning in 41 ms. Found 2 JPA repository interfaces.
2025-07-01T15:47:38.100+04:00  INFO 3936 --- [restartedMain] o.s.b.w.embedded.tomcat.TomcatWebServer  : Tomcat initialized with port 8080 (http)
2025-07-01T15:47:38.114+04:00  INFO 3936 --- [restartedMain] o.apache.catalina.core.StandardService   : Starting service [Tomcat]
2025-07-01T15:47:38.114+04:00  INFO 3936 --- [restartedMain] o.apache.catalina.core.StandardEngine    : Starting Servlet engine: [Apache Tomcat/10.1.42]
2025-07-01T15:47:38.156+04:00  INFO 3936 --- [restartedMain] o.a.c.c.C.[Tomcat].[localhost].[/]       : Initializing Spring embedded WebApplicationContext
2025-07-01T15:47:38.157+04:00  INFO 3936 --- [restartedMain] w.s.c.ServletWebServerApplicationContext : Root WebApplicationContext: initialization completed in 1620 ms
2025-07-01T15:47:38.482+04:00  INFO 3936 --- [restartedMain] o.hibernate.jpa.internal.util.LogHelper  : HHH000204: Processing PersistenceUnitInfo [name: default]
2025-07-01T15:47:38.563+04:00  INFO 3936 --- [restartedMain] org.hibernate.Version                    : HHH000412: Hibernate ORM core version 6.6.18.Final
2025-07-01T15:47:38.607+04:00  INFO 3936 --- [restartedMain] o.h.c.internal.RegionFactoryInitiator    : HHH000026: Second-level cache disabled
2025-07-01T15:47:38.900+04:00  INFO 3936 --- [restartedMain] o.s.o.j.p.SpringPersistenceUnitInfo      : No LoadTimeWeaver setup: ignoring JPA class transformer
2025-07-01T15:47:38.935+04:00  INFO 3936 --- [restartedMain] com.zaxxer.hikari.HikariDataSource       : HikariPool-1 - Starting...
2025-07-01T15:47:39.361+04:00  INFO 3936 --- [restartedMain] com.zaxxer.hikari.pool.HikariPool        : HikariPool-1 - Added connection com.mysql.cj.jdbc.ConnectionImpl@49dff285
2025-07-01T15:47:39.363+04:00  INFO 3936 --- [restartedMain] com.zaxxer.hikari.HikariDataSource       : HikariPool-1 - Start completed.
2025-07-01T15:47:39.475+04:00  INFO 3936 --- [restartedMain] org.hibernate.orm.connections.pooling    : HHH10001005: Database info:
	Database JDBC URL [Connecting through datasource 'HikariDataSource (HikariPool-1)']
	Database driver: undefined/unknown
	Database version: 8.0.42
	Autocommit mode: undefined/unknown
	Isolation level: undefined/unknown
	Minimum pool size: undefined/unknown
	Maximum pool size: undefined/unknown
2025-07-01T15:47:40.469+04:00  INFO 3936 --- [restartedMain] o.h.e.t.j.p.i.JtaPlatformInitiator       : HHH000489: No JTA platform available (set 'hibernate.transaction.jta.platform' to enable JTA platform integration)
2025-07-01T15:47:40.566+04:00  INFO 3936 --- [restartedMain] j.LocalContainerEntityManagerFactoryBean : Initialized JPA EntityManagerFactory for persistence unit 'default'
2025-07-01T15:47:40.950+04:00  WARN 3936 --- [restartedMain] JpaBaseConfiguration$JpaWebConfiguration : spring.jpa.open-in-view is enabled by default. Therefore, database queries may be performed during view rendering. Explicitly configure spring.jpa.open-in-view to disable this warning
2025-07-01T15:47:41.556+04:00  INFO 3936 --- [restartedMain] o.s.b.d.a.OptionalLiveReloadServer       : LiveReload server is running on port 35729
2025-07-01T15:47:41.564+04:00  INFO 3936 --- [restartedMain] o.s.b.a.e.web.EndpointLinksResolver      : Exposing 1 endpoint beneath base path '/actuator'
2025-07-01T15:47:41.642+04:00  INFO 3936 --- [restartedMain] o.s.b.w.embedded.tomcat.TomcatWebServer  : Tomcat started on port 8080 (http) with context path '/'
2025-07-01T15:47:41.656+04:00  INFO 3936 --- [restartedMain] com.example.weather.WeatherApplication   : Started WeatherApplication in 5.806 seconds (process running for 6.773)
2025-07-01T15:47:41.857+04:00  INFO 3936 --- [RMI TCP Connection(4)-172.20.10.228] o.a.c.c.C.[Tomcat].[localhost].[/]       : Initializing Spring DispatcherServlet 'dispatcherServlet'
2025-07-01T15:47:41.858+04:00  INFO 3936 --- [RMI TCP Connection(4)-172.20.10.228] o.s.web.servlet.DispatcherServlet        : Initializing Servlet 'dispatcherServlet'
2025-07-01T15:47:41.860+04:00  INFO 3936 --- [RMI TCP Connection(4)-172.20.10.228] o.s.web.servlet.DispatcherServlet        : Completed initialization in 2 ms
2025-07-01T15:47:51.161+04:00  INFO 3936 --- [File Watcher] rtingClassPathChangeChangedEventListener : Restarting due to 1 class path change (0 additions, 0 deletions, 1 modification)
2025-07-01T15:47:51.166+04:00  INFO 3936 --- [Thread-5] o.s.b.w.e.tomcat.GracefulShutdown        : Commencing graceful shutdown. Waiting for active requests to complete
2025-07-01T15:47:51.180+04:00  INFO 3936 --- [tomcat-shutdown] o.s.b.w.e.tomcat.GracefulShutdown        : Graceful shutdown complete
2025-07-01T15:47:51.186+04:00  INFO 3936 --- [Thread-5] j.LocalContainerEntityManagerFactoryBean : Closing JPA EntityManagerFactory for persistence unit 'default'
2025-07-01T15:47:51.192+04:00  INFO 3936 --- [Thread-5] com.zaxxer.hikari.HikariDataSource       : HikariPool-1 - Shutdown initiated...
2025-07-01T15:47:51.216+04:00  INFO 3936 --- [Thread-5] com.zaxxer.hikari.HikariDataSource       : HikariPool-1 - Shutdown completed.
2025-07-01T15:47:51.339+04:00  INFO 3936 --- [restartedMain] com.example.weather.WeatherApplication   : Starting WeatherApplication using Java 23-valhalla with PID 3936 (C:\Users\user\Desktop\weather\target\classes started by user in C:\Users\user\Desktop\weather)
2025-07-01T15:47:51.340+04:00  INFO 3936 --- [restartedMain] com.example.weather.WeatherApplication   : No active profile set, falling back to 1 default profile: "default"
2025-07-01T15:47:51.800+04:00  INFO 3936 --- [restartedMain] .s.d.r.c.RepositoryConfigurationDelegate : Bootstrapping Spring Data JPA repositories in DEFAULT mode.
2025-07-01T15:47:51.810+04:00  INFO 3936 --- [restartedMain] .s.d.r.c.RepositoryConfigurationDelegate : Finished Spring Data repository scanning in 9 ms. Found 2 JPA repository interfaces.
2025-07-01T15:47:51.886+04:00  INFO 3936 --- [restartedMain] o.s.b.w.embedded.tomcat.TomcatWebServer  : Tomcat initialized with port 8080 (http)
2025-07-01T15:47:51.887+04:00  INFO 3936 --- [restartedMain] o.apache.catalina.core.StandardService   : Starting service [Tomcat]
2025-07-01T15:47:51.887+04:00  INFO 3936 --- [restartedMain] o.apache.catalina.core.StandardEngine    : Starting Servlet engine: [Apache Tomcat/10.1.42]
2025-07-01T15:47:51.903+04:00  INFO 3936 --- [restartedMain] o.a.c.c.C.[Tomcat].[localhost].[/]       : Initializing Spring embedded WebApplicationContext
2025-07-01T15:47:51.904+04:00  INFO 3936 --- [restartedMain] w.s.c.ServletWebServerApplicationContext : Root WebApplicationContext: initialization completed in 561 ms
2025-07-01T15:47:51.961+04:00  INFO 3936 --- [restartedMain] o.hibernate.jpa.internal.util.LogHelper  : HHH000204: Processing PersistenceUnitInfo [name: default]
2025-07-01T15:47:51.963+04:00  INFO 3936 --- [restartedMain] o.h.c.internal.RegionFactoryInitiator    : HHH000026: Second-level cache disabled
2025-07-01T15:47:51.973+04:00  INFO 3936 --- [restartedMain] o.s.o.j.p.SpringPersistenceUnitInfo      : No LoadTimeWeaver setup: ignoring JPA class transformer
2025-07-01T15:47:51.975+04:00  INFO 3936 --- [restartedMain] com.zaxxer.hikari.HikariDataSource       : HikariPool-2 - Starting...
2025-07-01T15:47:51.994+04:00  INFO 3936 --- [restartedMain] com.zaxxer.hikari.pool.HikariPool        : HikariPool-2 - Added connection com.mysql.cj.jdbc.ConnectionImpl@7fa097e9
2025-07-01T15:47:51.994+04:00  INFO 3936 --- [restartedMain] com.zaxxer.hikari.HikariDataSource       : HikariPool-2 - Start completed.
2025-07-01T15:47:51.996+04:00  INFO 3936 --- [restartedMain] org.hibernate.orm.connections.pooling    : HHH10001005: Database info:
	Database JDBC URL [Connecting through datasource 'HikariDataSource (HikariPool-2)']
	Database driver: undefined/unknown
	Database version: 8.0.42
	Autocommit mode: undefined/unknown
	Isolation level: undefined/unknown
	Minimum pool size: undefined/unknown
	Maximum pool size: undefined/unknown
2025-07-01T15:47:52.059+04:00  INFO 3936 --- [restartedMain] o.h.e.t.j.p.i.JtaPlatformInitiator       : HHH000489: No JTA platform available (set 'hibernate.transaction.jta.platform' to enable JTA platform integration)
2025-07-01T15:47:52.083+04:00  INFO 3936 --- [restartedMain] j.LocalContainerEntityManagerFactoryBean : Initialized JPA EntityManagerFactory for persistence unit 'default'
2025-07-01T15:47:52.164+04:00  WARN 3936 --- [restartedMain] JpaBaseConfiguration$JpaWebConfiguration : spring.jpa.open-in-view is enabled by default. Therefore, database queries may be performed during view rendering. Explicitly configure spring.jpa.open-in-view to disable this warning
2025-07-01T15:47:52.441+04:00  INFO 3936 --- [restartedMain] o.s.b.d.a.OptionalLiveReloadServer       : LiveReload server is running on port 35729
2025-07-01T15:47:52.444+04:00  INFO 3936 --- [restartedMain] o.s.b.a.e.web.EndpointLinksResolver      : Exposing 1 endpoint beneath base path '/actuator'
2025-07-01T15:47:52.476+04:00  INFO 3936 --- [restartedMain] o.s.b.w.embedded.tomcat.TomcatWebServer  : Tomcat started on port 8080 (http) with context path '/'
2025-07-01T15:47:52.483+04:00  INFO 3936 --- [restartedMain] com.example.weather.WeatherApplication   : Started WeatherApplication in 1.183 seconds (process running for 17.6)
2025-07-01T15:47:52.486+04:00  INFO 3936 --- [restartedMain] .ConditionEvaluationDeltaLoggingListener : Condition evaluation unchanged
2025-07-01T16:16:40.469+04:00  INFO 3936 --- [SpringApplicationShutdownHook] o.s.b.w.e.tomcat.GracefulShutdown        : Commencing graceful shutdown. Waiting for active requests to complete
2025-07-01T16:16:40.503+04:00  INFO 3936 --- [tomcat-shutdown] o.s.b.w.e.tomcat.GracefulShutdown        : Graceful shutdown complete
2025-07-01T16:16:40.530+04:00  INFO 3936 --- [SpringApplicationShutdownHook] j.LocalContainerEntityManagerFactoryBean : Closing JPA EntityManagerFactory for persistence unit 'default'
2025-07-01T16:16:40.559+04:00  INFO 3936 --- [SpringApplicationShutdownHook] com.zaxxer.hikari.HikariDataSource       : HikariPool-2 - Shutdown initiated...
2025-07-01T16:16:40.593+04:00  INFO 3936 --- [SpringApplicationShutdownHook] com.zaxxer.hikari.HikariDataSource       : HikariPool-2 - Shutdown completed.
2025-07-01T16:16:45.482+04:00  INFO 8264 --- [restartedMain] com.example.weather.WeatherApplication   : Starting WeatherApplication using Java 23-valhalla with PID 8264 (C:\Users\user\Desktop\weather\target\classes started by user in C:\Users\user\Desktop\weather)
2025-07-01T16:16:45.484+04:00  INFO 8264 --- [restartedMain] com.example.weather.WeatherApplication   : No active profile set, falling back to 1 default profile: "default"
2025-07-01T16:16:45.529+04:00  INFO 8264 --- [restartedMain] .e.DevToolsPropertyDefaultsPostProcessor : Devtools property defaults active! Set 'spring.devtools.add-properties' to 'false' to disable
2025-07-01T16:16:45.530+04:00  INFO 8264 --- [restartedMain] .e.DevToolsPropertyDefaultsPostProcessor : For additional web related logging consider setting the 'logging.level.web' property to 'DEBUG'
2025-07-01T16:16:46.427+04:00  INFO 8264 --- [restartedMain] .s.d.r.c.RepositoryConfigurationDelegate : Bootstrapping Spring Data JPA repositories in DEFAULT mode.
2025-07-01T16:16:46.477+04:00  INFO 8264 --- [restartedMain] .s.d.r.c.RepositoryConfigurationDelegate : Finished Spring Data repository scanning in 41 ms. Found 2 JPA repository interfaces.
2025-07-01T16:16:46.877+04:00  INFO 8264 --- [restartedMain] o.s.b.w.embedded.tomcat.TomcatWebServer  : Tomcat initialized with port 8080 (http)
2025-07-01T16:16:46.892+04:00  INFO 8264 --- [restartedMain] o.apache.catalina.core.StandardService   : Starting service [Tomcat]
2025-07-01T16:16:46.893+04:00  INFO 8264 --- [restartedMain] o.apache.catalina.core.StandardEngine    : Starting Servlet engine: [Apache Tomcat/10.1.42]
2025-07-01T16:16:46.954+04:00  INFO 8264 --- [restartedMain] o.a.c.c.C.[Tomcat].[localhost].[/]       : Initializing Spring embedded WebApplicationContext
2025-07-01T16:16:46.954+04:00  INFO 8264 --- [restartedMain] w.s.c.ServletWebServerApplicationContext : Root WebApplicationContext: initialization completed in 1424 ms
2025-07-01T16:16:47.189+04:00  INFO 8264 --- [restartedMain] o.hibernate.jpa.internal.util.LogHelper  : HHH000204: Processing PersistenceUnitInfo [name: default]
2025-07-01T16:16:47.251+04:00  INFO 8264 --- [restartedMain] org.hibernate.Version                    : HHH000412: Hibernate ORM core version 6.6.18.Final
2025-07-01T16:16:47.287+04:00  INFO 8264 --- [restartedMain] o.h.c.internal.RegionFactoryInitiator    : HHH000026: Second-level cache disabled
2025-07-01T16:16:47.546+04:00  INFO 8264 --- [restartedMain] o.s.o.j.p.SpringPersistenceUnitInfo      : No LoadTimeWeaver setup: ignoring JPA class transformer
2025-07-01T16:16:47.577+04:00  INFO 8264 --- [restartedMain] com.zaxxer.hikari.HikariDataSource       : HikariPool-1 - Starting...
2025-07-01T16:16:47.915+04:00  INFO 8264 --- [restartedMain] com.zaxxer.hikari.pool.HikariPool        : HikariPool-1 - Added connection com.mysql.cj.jdbc.ConnectionImpl@13a04fd
2025-07-01T16:16:47.917+04:00  INFO 8264 --- [restartedMain] com.zaxxer.hikari.HikariDataSource       : HikariPool-1 - Start completed.
2025-07-01T16:16:48.030+04:00  INFO 8264 --- [restartedMain] org.hibernate.orm.connections.pooling    : HHH10001005: Database info:
	Database JDBC URL [Connecting through datasource 'HikariDataSource (HikariPool-1)']
	Database driver: undefined/unknown
	Database version: 8.0.42
	Autocommit mode: undefined/unknown
	Isolation level: undefined/unknown
	Minimum pool size: undefined/unknown
	Maximum pool size: undefined/unknown
2025-07-01T16:16:48.791+04:00  INFO 8264 --- [restartedMain] o.h.e.t.j.p.i.JtaPlatformInitiator       : HHH000489: No JTA platform available (set 'hibernate.transaction.jta.platform' to enable JTA platform integration)
2025-07-01T16:16:48.889+04:00  INFO 8264 --- [restartedMain] j.LocalContainerEntityManagerFactoryBean : Initialized JPA EntityManagerFactory for persistence unit 'default'
2025-07-01T16:16:49.217+04:00  WARN 8264 --- [restartedMain] JpaBaseConfiguration$JpaWebConfiguration : spring.jpa.open-in-view is enabled by default. Therefore, database queries may be performed during view rendering. Explicitly configure spring.jpa.open-in-view to disable this warning
2025-07-01T16:16:49.673+04:00  INFO 8264 --- [restartedMain] o.s.b.d.a.OptionalLiveReloadServer       : LiveReload server is running on port 35729
2025-07-01T16:16:49.680+04:00  INFO 8264 --- [restartedMain] o.s.b.a.e.web.EndpointLinksResolver      : Exposing 1 endpoint beneath base path '/actuator'
2025-07-01T16:16:49.752+04:00  INFO 8264 --- [restartedMain] o.s.b.w.embedded.tomcat.TomcatWebServer  : Tomcat started on port 8080 (http) with context path '/'
2025-07-01T16:16:49.765+04:00  INFO 8264 --- [restartedMain] com.example.weather.WeatherApplication   : Started WeatherApplication in 4.787 seconds (process running for 7.494)
2025-07-01T16:16:49.982+04:00  INFO 8264 --- [RMI TCP Connection(1)-172.20.10.228] o.a.c.c.C.[Tomcat].[localhost].[/]       : Initializing Spring DispatcherServlet 'dispatcherServlet'
2025-07-01T16:16:49.982+04:00  INFO 8264 --- [RMI TCP Connection(1)-172.20.10.228] o.s.web.servlet.DispatcherServlet        : Initializing Servlet 'dispatcherServlet'
2025-07-01T16:16:49.985+04:00  INFO 8264 --- [RMI TCP Connection(1)-172.20.10.228] o.s.web.servlet.DispatcherServlet        : Completed initialization in 2 ms
2025-07-01T16:23:09.701+04:00  INFO 8264 --- [SpringApplicationShutdownHook] o.s.b.w.e.tomcat.GracefulShutdown        : Commencing graceful shutdown. Waiting for active requests to complete
2025-07-01T16:23:09.736+04:00  INFO 8264 --- [tomcat-shutdown] o.s.b.w.e.tomcat.GracefulShutdown        : Graceful shutdown complete
2025-07-01T16:23:09.762+04:00  INFO 8264 --- [SpringApplicationShutdownHook] j.LocalContainerEntityManagerFactoryBean : Closing JPA EntityManagerFactory for persistence unit 'default'
2025-07-01T16:23:09.795+04:00  INFO 8264 --- [SpringApplicationShutdownHook] com.zaxxer.hikari.HikariDataSource       : HikariPool-1 - Shutdown initiated...
2025-07-01T16:23:09.818+04:00  INFO 8264 --- [SpringApplicationShutdownHook] com.zaxxer.hikari.HikariDataSource       : HikariPool-1 - Shutdown completed.
2025-07-01T16:34:46.798+04:00  INFO 3516 --- [restartedMain] com.example.weather.WeatherApplication   : Starting WeatherApplication using Java 23-valhalla with PID 3516 (C:\Users\user\Desktop\weather\target\classes started by user in C:\Users\user\Desktop\weather)
2025-07-01T16:34:46.798+04:00  INFO 3516 --- [restartedMain] com.example.weather.WeatherApplication   : No active profile set, falling back to 1 default profile: "default"
2025-07-01T16:34:46.851+04:00  INFO 3516 --- [restartedMain] .e.DevToolsPropertyDefaultsPostProcessor : Devtools property defaults active! Set 'spring.devtools.add-properties' to 'false' to disable
2025-07-01T16:34:46.851+04:00  INFO 3516 --- [restartedMain] .e.DevToolsPropertyDefaultsPostProcessor : For additional web related logging consider setting the 'logging.level.web' property to 'DEBUG'
2025-07-01T16:34:47.834+04:00  INFO 3516 --- [restartedMain] .s.d.r.c.RepositoryConfigurationDelegate : Bootstrapping Spring Data JPA repositories in DEFAULT mode.
2025-07-01T16:34:47.902+04:00  INFO 3516 --- [restartedMain] .s.d.r.c.RepositoryConfigurationDelegate : Finished Spring Data repository scanning in 55 ms. Found 2 JPA repository interfaces.
2025-07-01T16:34:48.346+04:00  INFO 3516 --- [restartedMain] o.s.b.w.embedded.tomcat.TomcatWebServer  : Tomcat initialized with port 8080 (http)
2025-07-01T16:34:48.358+04:00  INFO 3516 --- [restartedMain] o.apache.catalina.core.StandardService   : Starting service [Tomcat]
2025-07-01T16:34:48.359+04:00  INFO 3516 --- [restartedMain] o.apache.catalina.core.StandardEngine    : Starting Servlet engine: [Apache Tomcat/10.1.42]
2025-07-01T16:34:48.408+04:00  INFO 3516 --- [restartedMain] o.a.c.c.C.[Tomcat].[localhost].[/]       : Initializing Spring embedded WebApplicationContext
2025-07-01T16:34:48.408+04:00  INFO 3516 --- [restartedMain] w.s.c.ServletWebServerApplicationContext : Root WebApplicationContext: initialization completed in 1556 ms
2025-07-01T16:34:48.650+04:00  INFO 3516 --- [restartedMain] o.hibernate.jpa.internal.util.LogHelper  : HHH000204: Processing PersistenceUnitInfo [name: default]
2025-07-01T16:34:48.722+04:00  INFO 3516 --- [restartedMain] org.hibernate.Version                    : HHH000412: Hibernate ORM core version 6.6.18.Final
2025-07-01T16:34:48.756+04:00  INFO 3516 --- [restartedMain] o.h.c.internal.RegionFactoryInitiator    : HHH000026: Second-level cache disabled
2025-07-01T16:34:49.062+04:00  INFO 3516 --- [restartedMain] o.s.o.j.p.SpringPersistenceUnitInfo      : No LoadTimeWeaver setup: ignoring JPA class transformer
2025-07-01T16:34:49.094+04:00  INFO 3516 --- [restartedMain] com.zaxxer.hikari.HikariDataSource       : HikariPool-1 - Starting...
2025-07-01T16:34:49.563+04:00  INFO 3516 --- [restartedMain] com.zaxxer.hikari.pool.HikariPool        : HikariPool-1 - Added connection com.mysql.cj.jdbc.ConnectionImpl@613cde6e
2025-07-01T16:34:49.563+04:00  INFO 3516 --- [restartedMain] com.zaxxer.hikari.HikariDataSource       : HikariPool-1 - Start completed.
2025-07-01T16:34:49.698+04:00  INFO 3516 --- [restartedMain] org.hibernate.orm.connections.pooling    : HHH10001005: Database info:
	Database JDBC URL [Connecting through datasource 'HikariDataSource (HikariPool-1)']
	Database driver: undefined/unknown
	Database version: 8.0.42
	Autocommit mode: undefined/unknown
	Isolation level: undefined/unknown
	Minimum pool size: undefined/unknown
	Maximum pool size: undefined/unknown
2025-07-01T16:34:50.502+04:00  INFO 3516 --- [restartedMain] o.h.e.t.j.p.i.JtaPlatformInitiator       : HHH000489: No JTA platform available (set 'hibernate.transaction.jta.platform' to enable JTA platform integration)
2025-07-01T16:34:50.616+04:00  INFO 3516 --- [restartedMain] j.LocalContainerEntityManagerFactoryBean : Initialized JPA EntityManagerFactory for persistence unit 'default'
2025-07-01T16:34:50.984+04:00  WARN 3516 --- [restartedMain] JpaBaseConfiguration$JpaWebConfiguration : spring.jpa.open-in-view is enabled by default. Therefore, database queries may be performed during view rendering. Explicitly configure spring.jpa.open-in-view to disable this warning
2025-07-01T16:34:51.478+04:00  INFO 3516 --- [restartedMain] o.s.b.d.a.OptionalLiveReloadServer       : LiveReload server is running on port 35729
2025-07-01T16:34:51.478+04:00  INFO 3516 --- [restartedMain] o.s.b.a.e.web.EndpointLinksResolver      : Exposing 1 endpoint beneath base path '/actuator'
2025-07-01T16:34:51.561+04:00  INFO 3516 --- [restartedMain] o.s.b.w.embedded.tomcat.TomcatWebServer  : Tomcat started on port 8080 (http) with context path '/'
2025-07-01T16:34:51.574+04:00  INFO 3516 --- [restartedMain] com.example.weather.WeatherApplication   : Started WeatherApplication in 5.289 seconds (process running for 9.249)
2025-07-01T16:34:51.961+04:00  INFO 3516 --- [RMI TCP Connection(3)-172.20.10.228] o.a.c.c.C.[Tomcat].[localhost].[/]       : Initializing Spring DispatcherServlet 'dispatcherServlet'
2025-07-01T16:34:51.961+04:00  INFO 3516 --- [RMI TCP Connection(3)-172.20.10.228] o.s.web.servlet.DispatcherServlet        : Initializing Servlet 'dispatcherServlet'
2025-07-01T16:34:51.967+04:00  INFO 3516 --- [RMI TCP Connection(3)-172.20.10.228] o.s.web.servlet.DispatcherServlet        : Completed initialization in 6 ms
2025-07-01T16:49:04.124+04:00  INFO 3516 --- [SpringApplicationShutdownHook] o.s.b.w.e.tomcat.GracefulShutdown        : Commencing graceful shutdown. Waiting for active requests to complete
2025-07-01T16:49:04.222+04:00  INFO 3516 --- [tomcat-shutdown] o.s.b.w.e.tomcat.GracefulShutdown        : Graceful shutdown complete
2025-07-01T16:49:04.317+04:00  INFO 3516 --- [SpringApplicationShutdownHook] j.LocalContainerEntityManagerFactoryBean : Closing JPA EntityManagerFactory for persistence unit 'default'
2025-07-01T16:49:04.446+04:00  INFO 3516 --- [SpringApplicationShutdownHook] com.zaxxer.hikari.HikariDataSource       : HikariPool-1 - Shutdown initiated...
2025-07-01T16:49:04.549+04:00  INFO 3516 --- [SpringApplicationShutdownHook] com.zaxxer.hikari.HikariDataSource       : HikariPool-1 - Shutdown completed.
